2023.10.06 15:54:13 INFO  Started: Metals version 1.0.1 in folders '/Users/adtarletskiy/Documents/GitHub/webDeveloperCourseAtUniversity/lab3' for client Visual Studio Code 1.82.0.
окт. 06, 2023 3:54:13 PM org.flywaydb.core.internal.license.VersionPrinter printVersionOnly
INFO: Flyway Community Edition 9.21.2 by Redgate
окт. 06, 2023 3:54:13 PM org.flywaydb.core.internal.license.VersionPrinter printVersion
INFO: See release notes here: https://rd.gt/416ObMi
окт. 06, 2023 3:54:13 PM org.flywaydb.core.internal.license.VersionPrinter printVersion
INFO: 
окт. 06, 2023 3:54:13 PM org.flywaydb.core.FlywayExecutor execute
INFO: Database: jdbc:h2:file:/Users/adtarletskiy/Documents/GitHub/webDeveloperCourseAtUniversity/lab3/.metals/metals (H2 2.1)
окт. 06, 2023 3:54:13 PM org.flywaydb.core.internal.schemahistory.JdbcTableSchemaHistory allAppliedMigrations
INFO: Schema history table "PUBLIC"."flyway_schema_history" does not exist yet
окт. 06, 2023 3:54:13 PM org.flywaydb.core.internal.command.DbValidate validate
INFO: Successfully validated 4 migrations (execution time 00:00.008s)
окт. 06, 2023 3:54:13 PM org.flywaydb.core.internal.schemahistory.JdbcTableSchemaHistory create
INFO: Creating Schema History table "PUBLIC"."flyway_schema_history" ...
окт. 06, 2023 3:54:13 PM org.flywaydb.core.internal.command.DbMigrate migrateGroup
INFO: Current version of schema "PUBLIC": << Empty Schema >>
окт. 06, 2023 3:54:13 PM org.flywaydb.core.internal.command.DbMigrate doMigrateGroup
INFO: Migrating schema "PUBLIC" to version "1 - Create tables"
окт. 06, 2023 3:54:13 PM org.flywaydb.core.internal.command.DbMigrate doMigrateGroup
INFO: Migrating schema "PUBLIC" to version "2 - Server discovery"
окт. 06, 2023 3:54:13 PM org.flywaydb.core.internal.command.DbMigrate doMigrateGroup
INFO: Migrating schema "PUBLIC" to version "3 - Jar symbols"
окт. 06, 2023 3:54:13 PM org.flywaydb.core.internal.command.DbMigrate doMigrateGroup
INFO: Migrating schema "PUBLIC" to version "4 - Fingerprints"
окт. 06, 2023 3:54:13 PM org.flywaydb.core.internal.command.DbMigrate logSummary
INFO: Successfully applied 4 migrations to schema "PUBLIC", now at version v4 (execution time 00:00.008s)
2023.10.06 15:54:13 INFO  time: initialize in 0.37s
2023.10.06 15:54:14 WARN  Build server is not auto-connectable.
2023.10.06 15:54:14 WARN  no build tool detected in workspace '/Users/adtarletskiy/Documents/GitHub/webDeveloperCourseAtUniversity/lab3'. The most common cause for this problem is that the editor was opened in the wrong working directory, for example if you use sbt then the workspace directory should contain build.sbt. 
2023.10.08 14:52:47 INFO  Shutting down server
2023.10.08 14:52:47 INFO  shutting down Metals
2023.10.08 14:52:47 INFO  Exiting server
